find_header: checking for sqlite3.h... -------------------- yes

"/usr/local/Cellar/gcc49/4.9.3/bin/gcc-4.9 -o conftest -I/Users/stefan/.rvm/rubies/ruby-1.9.3-p327/include/ruby-1.9.1/x86_64-darwin15.6.0 -I/Users/stefan/.rvm/rubies/ruby-1.9.3-p327/include/ruby-1.9.1/ruby/backward -I/Users/stefan/.rvm/rubies/ruby-1.9.3-p327/include/ruby-1.9.1 -I. -D_XOPEN_SOURCE -D_DARWIN_C_SOURCE   -I/usr/local/opt/libyaml/include -I/usr/local/opt/readline/include -I/usr/local/opt/libksba/include -I/usr/local/opt/openssl/include  -O3 -ggdb -Wall -Wextra -Wno-unused-parameter -Wno-parentheses -Wno-long-long -Wno-missing-field-initializers -Wpointer-arith -Wwrite-strings -Wdeclaration-after-statement -Wimplicit-function-declaration  -fno-common -pipe conftest.c  -L. -L/Users/stefan/.rvm/rubies/ruby-1.9.3-p327/lib -L/usr/local/opt/libyaml/lib -L/usr/local/opt/readline/lib -L/usr/local/opt/libksba/lib -L/usr/local/opt/openssl/lib -L. -L/usr/local/lib -L/usr/local/opt/libyaml/lib -L/usr/local/opt/readline/lib -L/usr/local/opt/libksba/lib -L/usr/local/opt/openssl/lib      -lruby.1.9.1  -lpthread -ldl -lobjc "
checked program was:
/* begin */
1: #include "ruby.h"
2: 
3: int main() {return 0;}
/* end */

"/usr/local/Cellar/gcc49/4.9.3/bin/gcc-4.9 -E -I/Users/stefan/.rvm/rubies/ruby-1.9.3-p327/include/ruby-1.9.1/x86_64-darwin15.6.0 -I/Users/stefan/.rvm/rubies/ruby-1.9.3-p327/include/ruby-1.9.1/ruby/backward -I/Users/stefan/.rvm/rubies/ruby-1.9.3-p327/include/ruby-1.9.1 -I. -D_XOPEN_SOURCE -D_DARWIN_C_SOURCE   -I/usr/local/opt/libyaml/include -I/usr/local/opt/readline/include -I/usr/local/opt/libksba/include -I/usr/local/opt/openssl/include  -O3 -ggdb -Wall -Wextra -Wno-unused-parameter -Wno-parentheses -Wno-long-long -Wno-missing-field-initializers -Wpointer-arith -Wwrite-strings -Wdeclaration-after-statement -Wimplicit-function-declaration  -fno-common -pipe  conftest.c -o conftest.i"
checked program was:
/* begin */
1: #include "ruby.h"
2: 
3: #include <sqlite3.h>
/* end */

--------------------

find_library: checking for sqlite3_libversion_number() in -lsqlite3... -------------------- yes

"/usr/local/Cellar/gcc49/4.9.3/bin/gcc-4.9 -o conftest -I/Users/stefan/.rvm/rubies/ruby-1.9.3-p327/include/ruby-1.9.1/x86_64-darwin15.6.0 -I/Users/stefan/.rvm/rubies/ruby-1.9.3-p327/include/ruby-1.9.1/ruby/backward -I/Users/stefan/.rvm/rubies/ruby-1.9.3-p327/include/ruby-1.9.1 -I. -D_XOPEN_SOURCE -D_DARWIN_C_SOURCE   -I/usr/local/opt/libyaml/include -I/usr/local/opt/readline/include -I/usr/local/opt/libksba/include -I/usr/local/opt/openssl/include  -O3 -ggdb -Wall -Wextra -Wno-unused-parameter -Wno-parentheses -Wno-long-long -Wno-missing-field-initializers -Wpointer-arith -Wwrite-strings -Wdeclaration-after-statement -Wimplicit-function-declaration  -fno-common -pipe conftest.c  -L. -L/Users/stefan/.rvm/rubies/ruby-1.9.3-p327/lib -L/usr/local/opt/libyaml/lib -L/usr/local/opt/readline/lib -L/usr/local/opt/libksba/lib -L/usr/local/opt/openssl/lib -L. -L/usr/local/lib -L/usr/local/opt/libyaml/lib -L/usr/local/opt/readline/lib -L/usr/local/opt/libksba/lib -L/usr/local/opt/openssl/lib      -lruby.1.9.1 -lsqlite3  -lpthread -ldl -lobjc "
conftest.c: In function 't':
conftest.c:5:53: error: 'sqlite3_libversion_number' undeclared (first use in this function)
 int t() { void ((*volatile p)()); p = (void ((*)()))sqlite3_libversion_number; return 0; }
                                                     ^
conftest.c:5:53: note: each undeclared identifier is reported only once for each function it appears in
conftest.c:5:28: warning: variable 'p' set but not used [-Wunused-but-set-variable]
 int t() { void ((*volatile p)()); p = (void ((*)()))sqlite3_libversion_number; return 0; }
                            ^
checked program was:
/* begin */
1: #include "ruby.h"
2: 
3: /*top*/
4: int main() {return 0;}
5: int t() { void ((*volatile p)()); p = (void ((*)()))sqlite3_libversion_number; return 0; }
/* end */

"/usr/local/Cellar/gcc49/4.9.3/bin/gcc-4.9 -o conftest -I/Users/stefan/.rvm/rubies/ruby-1.9.3-p327/include/ruby-1.9.1/x86_64-darwin15.6.0 -I/Users/stefan/.rvm/rubies/ruby-1.9.3-p327/include/ruby-1.9.1/ruby/backward -I/Users/stefan/.rvm/rubies/ruby-1.9.3-p327/include/ruby-1.9.1 -I. -D_XOPEN_SOURCE -D_DARWIN_C_SOURCE   -I/usr/local/opt/libyaml/include -I/usr/local/opt/readline/include -I/usr/local/opt/libksba/include -I/usr/local/opt/openssl/include  -O3 -ggdb -Wall -Wextra -Wno-unused-parameter -Wno-parentheses -Wno-long-long -Wno-missing-field-initializers -Wpointer-arith -Wwrite-strings -Wdeclaration-after-statement -Wimplicit-function-declaration  -fno-common -pipe conftest.c  -L. -L/Users/stefan/.rvm/rubies/ruby-1.9.3-p327/lib -L/usr/local/opt/libyaml/lib -L/usr/local/opt/readline/lib -L/usr/local/opt/libksba/lib -L/usr/local/opt/openssl/lib -L. -L/usr/local/lib -L/usr/local/opt/libyaml/lib -L/usr/local/opt/readline/lib -L/usr/local/opt/libksba/lib -L/usr/local/opt/openssl/lib      -lruby.1.9.1 -lsqlite3  -lpthread -ldl -lobjc "
conftest.c: In function 't':
conftest.c:5:1: warning: implicit declaration of function 'sqlite3_libversion_number' [-Wimplicit-function-declaration]
 int t() { sqlite3_libversion_number(); return 0; }
 ^
checked program was:
/* begin */
1: #include "ruby.h"
2: 
3: /*top*/
4: int main() {return 0;}
5: int t() { sqlite3_libversion_number(); return 0; }
/* end */

--------------------

have_func: checking for rb_proc_arity()... -------------------- yes

"/usr/local/Cellar/gcc49/4.9.3/bin/gcc-4.9 -o conftest -I/Users/stefan/.rvm/rubies/ruby-1.9.3-p327/include/ruby-1.9.1/x86_64-darwin15.6.0 -I/Users/stefan/.rvm/rubies/ruby-1.9.3-p327/include/ruby-1.9.1/ruby/backward -I/Users/stefan/.rvm/rubies/ruby-1.9.3-p327/include/ruby-1.9.1 -I. -D_XOPEN_SOURCE -D_DARWIN_C_SOURCE   -I/usr/local/opt/libyaml/include -I/usr/local/opt/readline/include -I/usr/local/opt/libksba/include -I/usr/local/opt/openssl/include  -O3 -ggdb -Wall -Wextra -Wno-unused-parameter -Wno-parentheses -Wno-long-long -Wno-missing-field-initializers -Wpointer-arith -Wwrite-strings -Wdeclaration-after-statement -Wimplicit-function-declaration  -fno-common -pipe conftest.c  -L. -L/Users/stefan/.rvm/rubies/ruby-1.9.3-p327/lib -L/usr/local/opt/libyaml/lib -L/usr/local/opt/readline/lib -L/usr/local/opt/libksba/lib -L/usr/local/opt/openssl/lib -L. -L/usr/local/lib -L/usr/local/opt/libyaml/lib -L/usr/local/opt/readline/lib -L/usr/local/opt/libksba/lib -L/usr/local/opt/openssl/lib     -lsqlite3  -lruby.1.9.1 -lsqlite3  -lpthread -ldl -lobjc "
conftest.c: In function 't':
conftest.c:5:28: warning: variable 'p' set but not used [-Wunused-but-set-variable]
 int t() { void ((*volatile p)()); p = (void ((*)()))rb_proc_arity; return 0; }
                            ^
checked program was:
/* begin */
1: #include "ruby.h"
2: 
3: /*top*/
4: int main() {return 0;}
5: int t() { void ((*volatile p)()); p = (void ((*)()))rb_proc_arity; return 0; }
/* end */

--------------------

have_func: checking for rb_integer_pack()... -------------------- no

"/usr/local/Cellar/gcc49/4.9.3/bin/gcc-4.9 -o conftest -I/Users/stefan/.rvm/rubies/ruby-1.9.3-p327/include/ruby-1.9.1/x86_64-darwin15.6.0 -I/Users/stefan/.rvm/rubies/ruby-1.9.3-p327/include/ruby-1.9.1/ruby/backward -I/Users/stefan/.rvm/rubies/ruby-1.9.3-p327/include/ruby-1.9.1 -I. -D_XOPEN_SOURCE -D_DARWIN_C_SOURCE   -I/usr/local/opt/libyaml/include -I/usr/local/opt/readline/include -I/usr/local/opt/libksba/include -I/usr/local/opt/openssl/include  -O3 -ggdb -Wall -Wextra -Wno-unused-parameter -Wno-parentheses -Wno-long-long -Wno-missing-field-initializers -Wpointer-arith -Wwrite-strings -Wdeclaration-after-statement -Wimplicit-function-declaration  -fno-common -pipe conftest.c  -L. -L/Users/stefan/.rvm/rubies/ruby-1.9.3-p327/lib -L/usr/local/opt/libyaml/lib -L/usr/local/opt/readline/lib -L/usr/local/opt/libksba/lib -L/usr/local/opt/openssl/lib -L. -L/usr/local/lib -L/usr/local/opt/libyaml/lib -L/usr/local/opt/readline/lib -L/usr/local/opt/libksba/lib -L/usr/local/opt/openssl/lib     -lsqlite3  -lruby.1.9.1 -lsqlite3  -lpthread -ldl -lobjc "
conftest.c: In function 't':
conftest.c:5:53: error: 'rb_integer_pack' undeclared (first use in this function)
 int t() { void ((*volatile p)()); p = (void ((*)()))rb_integer_pack; return 0; }
                                                     ^
conftest.c:5:53: note: each undeclared identifier is reported only once for each function it appears in
conftest.c:5:28: warning: variable 'p' set but not used [-Wunused-but-set-variable]
 int t() { void ((*volatile p)()); p = (void ((*)()))rb_integer_pack; return 0; }
                            ^
checked program was:
/* begin */
1: #include "ruby.h"
2: 
3: /*top*/
4: int main() {return 0;}
5: int t() { void ((*volatile p)()); p = (void ((*)()))rb_integer_pack; return 0; }
/* end */

"/usr/local/Cellar/gcc49/4.9.3/bin/gcc-4.9 -o conftest -I/Users/stefan/.rvm/rubies/ruby-1.9.3-p327/include/ruby-1.9.1/x86_64-darwin15.6.0 -I/Users/stefan/.rvm/rubies/ruby-1.9.3-p327/include/ruby-1.9.1/ruby/backward -I/Users/stefan/.rvm/rubies/ruby-1.9.3-p327/include/ruby-1.9.1 -I. -D_XOPEN_SOURCE -D_DARWIN_C_SOURCE   -I/usr/local/opt/libyaml/include -I/usr/local/opt/readline/include -I/usr/local/opt/libksba/include -I/usr/local/opt/openssl/include  -O3 -ggdb -Wall -Wextra -Wno-unused-parameter -Wno-parentheses -Wno-long-long -Wno-missing-field-initializers -Wpointer-arith -Wwrite-strings -Wdeclaration-after-statement -Wimplicit-function-declaration  -fno-common -pipe conftest.c  -L. -L/Users/stefan/.rvm/rubies/ruby-1.9.3-p327/lib -L/usr/local/opt/libyaml/lib -L/usr/local/opt/readline/lib -L/usr/local/opt/libksba/lib -L/usr/local/opt/openssl/lib -L. -L/usr/local/lib -L/usr/local/opt/libyaml/lib -L/usr/local/opt/readline/lib -L/usr/local/opt/libksba/lib -L/usr/local/opt/openssl/lib     -lsqlite3  -lruby.1.9.1 -lsqlite3  -lpthread -ldl -lobjc "
conftest.c: In function 't':
conftest.c:5:1: warning: implicit declaration of function 'rb_integer_pack' [-Wimplicit-function-declaration]
 int t() { rb_integer_pack(); return 0; }
 ^
Undefined symbols for architecture x86_64:
  "_rb_integer_pack", referenced from:
      _t in cczk4Khz.o
ld: symbol(s) not found for architecture x86_64
collect2: error: ld returned 1 exit status
checked program was:
/* begin */
1: #include "ruby.h"
2: 
3: /*top*/
4: int main() {return 0;}
5: int t() { rb_integer_pack(); return 0; }
/* end */

--------------------

have_func: checking for sqlite3_initialize()... -------------------- yes

"/usr/local/Cellar/gcc49/4.9.3/bin/gcc-4.9 -o conftest -I/Users/stefan/.rvm/rubies/ruby-1.9.3-p327/include/ruby-1.9.1/x86_64-darwin15.6.0 -I/Users/stefan/.rvm/rubies/ruby-1.9.3-p327/include/ruby-1.9.1/ruby/backward -I/Users/stefan/.rvm/rubies/ruby-1.9.3-p327/include/ruby-1.9.1 -I. -D_XOPEN_SOURCE -D_DARWIN_C_SOURCE   -I/usr/local/opt/libyaml/include -I/usr/local/opt/readline/include -I/usr/local/opt/libksba/include -I/usr/local/opt/openssl/include  -O3 -ggdb -Wall -Wextra -Wno-unused-parameter -Wno-parentheses -Wno-long-long -Wno-missing-field-initializers -Wpointer-arith -Wwrite-strings -Wdeclaration-after-statement -Wimplicit-function-declaration  -fno-common -pipe conftest.c  -L. -L/Users/stefan/.rvm/rubies/ruby-1.9.3-p327/lib -L/usr/local/opt/libyaml/lib -L/usr/local/opt/readline/lib -L/usr/local/opt/libksba/lib -L/usr/local/opt/openssl/lib -L. -L/usr/local/lib -L/usr/local/opt/libyaml/lib -L/usr/local/opt/readline/lib -L/usr/local/opt/libksba/lib -L/usr/local/opt/openssl/lib     -lsqlite3  -lruby.1.9.1 -lsqlite3  -lpthread -ldl -lobjc "
conftest.c: In function 't':
conftest.c:5:53: error: 'sqlite3_initialize' undeclared (first use in this function)
 int t() { void ((*volatile p)()); p = (void ((*)()))sqlite3_initialize; return 0; }
                                                     ^
conftest.c:5:53: note: each undeclared identifier is reported only once for each function it appears in
conftest.c:5:28: warning: variable 'p' set but not used [-Wunused-but-set-variable]
 int t() { void ((*volatile p)()); p = (void ((*)()))sqlite3_initialize; return 0; }
                            ^
checked program was:
/* begin */
1: #include "ruby.h"
2: 
3: /*top*/
4: int main() {return 0;}
5: int t() { void ((*volatile p)()); p = (void ((*)()))sqlite3_initialize; return 0; }
/* end */

"/usr/local/Cellar/gcc49/4.9.3/bin/gcc-4.9 -o conftest -I/Users/stefan/.rvm/rubies/ruby-1.9.3-p327/include/ruby-1.9.1/x86_64-darwin15.6.0 -I/Users/stefan/.rvm/rubies/ruby-1.9.3-p327/include/ruby-1.9.1/ruby/backward -I/Users/stefan/.rvm/rubies/ruby-1.9.3-p327/include/ruby-1.9.1 -I. -D_XOPEN_SOURCE -D_DARWIN_C_SOURCE   -I/usr/local/opt/libyaml/include -I/usr/local/opt/readline/include -I/usr/local/opt/libksba/include -I/usr/local/opt/openssl/include  -O3 -ggdb -Wall -Wextra -Wno-unused-parameter -Wno-parentheses -Wno-long-long -Wno-missing-field-initializers -Wpointer-arith -Wwrite-strings -Wdeclaration-after-statement -Wimplicit-function-declaration  -fno-common -pipe conftest.c  -L. -L/Users/stefan/.rvm/rubies/ruby-1.9.3-p327/lib -L/usr/local/opt/libyaml/lib -L/usr/local/opt/readline/lib -L/usr/local/opt/libksba/lib -L/usr/local/opt/openssl/lib -L. -L/usr/local/lib -L/usr/local/opt/libyaml/lib -L/usr/local/opt/readline/lib -L/usr/local/opt/libksba/lib -L/usr/local/opt/openssl/lib     -lsqlite3  -lruby.1.9.1 -lsqlite3  -lpthread -ldl -lobjc "
conftest.c: In function 't':
conftest.c:5:1: warning: implicit declaration of function 'sqlite3_initialize' [-Wimplicit-function-declaration]
 int t() { sqlite3_initialize(); return 0; }
 ^
checked program was:
/* begin */
1: #include "ruby.h"
2: 
3: /*top*/
4: int main() {return 0;}
5: int t() { sqlite3_initialize(); return 0; }
/* end */

--------------------

have_func: checking for sqlite3_backup_init()... -------------------- yes

"/usr/local/Cellar/gcc49/4.9.3/bin/gcc-4.9 -o conftest -I/Users/stefan/.rvm/rubies/ruby-1.9.3-p327/include/ruby-1.9.1/x86_64-darwin15.6.0 -I/Users/stefan/.rvm/rubies/ruby-1.9.3-p327/include/ruby-1.9.1/ruby/backward -I/Users/stefan/.rvm/rubies/ruby-1.9.3-p327/include/ruby-1.9.1 -I. -D_XOPEN_SOURCE -D_DARWIN_C_SOURCE   -I/usr/local/opt/libyaml/include -I/usr/local/opt/readline/include -I/usr/local/opt/libksba/include -I/usr/local/opt/openssl/include  -O3 -ggdb -Wall -Wextra -Wno-unused-parameter -Wno-parentheses -Wno-long-long -Wno-missing-field-initializers -Wpointer-arith -Wwrite-strings -Wdeclaration-after-statement -Wimplicit-function-declaration  -fno-common -pipe conftest.c  -L. -L/Users/stefan/.rvm/rubies/ruby-1.9.3-p327/lib -L/usr/local/opt/libyaml/lib -L/usr/local/opt/readline/lib -L/usr/local/opt/libksba/lib -L/usr/local/opt/openssl/lib -L. -L/usr/local/lib -L/usr/local/opt/libyaml/lib -L/usr/local/opt/readline/lib -L/usr/local/opt/libksba/lib -L/usr/local/opt/openssl/lib     -lsqlite3  -lruby.1.9.1 -lsqlite3  -lpthread -ldl -lobjc "
conftest.c: In function 't':
conftest.c:5:53: error: 'sqlite3_backup_init' undeclared (first use in this function)
 int t() { void ((*volatile p)()); p = (void ((*)()))sqlite3_backup_init; return 0; }
                                                     ^
conftest.c:5:53: note: each undeclared identifier is reported only once for each function it appears in
conftest.c:5:28: warning: variable 'p' set but not used [-Wunused-but-set-variable]
 int t() { void ((*volatile p)()); p = (void ((*)()))sqlite3_backup_init; return 0; }
                            ^
checked program was:
/* begin */
1: #include "ruby.h"
2: 
3: /*top*/
4: int main() {return 0;}
5: int t() { void ((*volatile p)()); p = (void ((*)()))sqlite3_backup_init; return 0; }
/* end */

"/usr/local/Cellar/gcc49/4.9.3/bin/gcc-4.9 -o conftest -I/Users/stefan/.rvm/rubies/ruby-1.9.3-p327/include/ruby-1.9.1/x86_64-darwin15.6.0 -I/Users/stefan/.rvm/rubies/ruby-1.9.3-p327/include/ruby-1.9.1/ruby/backward -I/Users/stefan/.rvm/rubies/ruby-1.9.3-p327/include/ruby-1.9.1 -I. -D_XOPEN_SOURCE -D_DARWIN_C_SOURCE   -I/usr/local/opt/libyaml/include -I/usr/local/opt/readline/include -I/usr/local/opt/libksba/include -I/usr/local/opt/openssl/include  -O3 -ggdb -Wall -Wextra -Wno-unused-parameter -Wno-parentheses -Wno-long-long -Wno-missing-field-initializers -Wpointer-arith -Wwrite-strings -Wdeclaration-after-statement -Wimplicit-function-declaration  -fno-common -pipe conftest.c  -L. -L/Users/stefan/.rvm/rubies/ruby-1.9.3-p327/lib -L/usr/local/opt/libyaml/lib -L/usr/local/opt/readline/lib -L/usr/local/opt/libksba/lib -L/usr/local/opt/openssl/lib -L. -L/usr/local/lib -L/usr/local/opt/libyaml/lib -L/usr/local/opt/readline/lib -L/usr/local/opt/libksba/lib -L/usr/local/opt/openssl/lib     -lsqlite3  -lruby.1.9.1 -lsqlite3  -lpthread -ldl -lobjc "
conftest.c: In function 't':
conftest.c:5:1: warning: implicit declaration of function 'sqlite3_backup_init' [-Wimplicit-function-declaration]
 int t() { sqlite3_backup_init(); return 0; }
 ^
checked program was:
/* begin */
1: #include "ruby.h"
2: 
3: /*top*/
4: int main() {return 0;}
5: int t() { sqlite3_backup_init(); return 0; }
/* end */

--------------------

have_func: checking for sqlite3_column_database_name()... -------------------- no

"/usr/local/Cellar/gcc49/4.9.3/bin/gcc-4.9 -o conftest -I/Users/stefan/.rvm/rubies/ruby-1.9.3-p327/include/ruby-1.9.1/x86_64-darwin15.6.0 -I/Users/stefan/.rvm/rubies/ruby-1.9.3-p327/include/ruby-1.9.1/ruby/backward -I/Users/stefan/.rvm/rubies/ruby-1.9.3-p327/include/ruby-1.9.1 -I. -D_XOPEN_SOURCE -D_DARWIN_C_SOURCE   -I/usr/local/opt/libyaml/include -I/usr/local/opt/readline/include -I/usr/local/opt/libksba/include -I/usr/local/opt/openssl/include  -O3 -ggdb -Wall -Wextra -Wno-unused-parameter -Wno-parentheses -Wno-long-long -Wno-missing-field-initializers -Wpointer-arith -Wwrite-strings -Wdeclaration-after-statement -Wimplicit-function-declaration  -fno-common -pipe conftest.c  -L. -L/Users/stefan/.rvm/rubies/ruby-1.9.3-p327/lib -L/usr/local/opt/libyaml/lib -L/usr/local/opt/readline/lib -L/usr/local/opt/libksba/lib -L/usr/local/opt/openssl/lib -L. -L/usr/local/lib -L/usr/local/opt/libyaml/lib -L/usr/local/opt/readline/lib -L/usr/local/opt/libksba/lib -L/usr/local/opt/openssl/lib     -lsqlite3  -lruby.1.9.1 -lsqlite3  -lpthread -ldl -lobjc "
conftest.c: In function 't':
conftest.c:5:53: error: 'sqlite3_column_database_name' undeclared (first use in this function)
 int t() { void ((*volatile p)()); p = (void ((*)()))sqlite3_column_database_name; return 0; }
                                                     ^
conftest.c:5:53: note: each undeclared identifier is reported only once for each function it appears in
conftest.c:5:28: warning: variable 'p' set but not used [-Wunused-but-set-variable]
 int t() { void ((*volatile p)()); p = (void ((*)()))sqlite3_column_database_name; return 0; }
                            ^
checked program was:
/* begin */
1: #include "ruby.h"
2: 
3: /*top*/
4: int main() {return 0;}
5: int t() { void ((*volatile p)()); p = (void ((*)()))sqlite3_column_database_name; return 0; }
/* end */

"/usr/local/Cellar/gcc49/4.9.3/bin/gcc-4.9 -o conftest -I/Users/stefan/.rvm/rubies/ruby-1.9.3-p327/include/ruby-1.9.1/x86_64-darwin15.6.0 -I/Users/stefan/.rvm/rubies/ruby-1.9.3-p327/include/ruby-1.9.1/ruby/backward -I/Users/stefan/.rvm/rubies/ruby-1.9.3-p327/include/ruby-1.9.1 -I. -D_XOPEN_SOURCE -D_DARWIN_C_SOURCE   -I/usr/local/opt/libyaml/include -I/usr/local/opt/readline/include -I/usr/local/opt/libksba/include -I/usr/local/opt/openssl/include  -O3 -ggdb -Wall -Wextra -Wno-unused-parameter -Wno-parentheses -Wno-long-long -Wno-missing-field-initializers -Wpointer-arith -Wwrite-strings -Wdeclaration-after-statement -Wimplicit-function-declaration  -fno-common -pipe conftest.c  -L. -L/Users/stefan/.rvm/rubies/ruby-1.9.3-p327/lib -L/usr/local/opt/libyaml/lib -L/usr/local/opt/readline/lib -L/usr/local/opt/libksba/lib -L/usr/local/opt/openssl/lib -L. -L/usr/local/lib -L/usr/local/opt/libyaml/lib -L/usr/local/opt/readline/lib -L/usr/local/opt/libksba/lib -L/usr/local/opt/openssl/lib     -lsqlite3  -lruby.1.9.1 -lsqlite3  -lpthread -ldl -lobjc "
conftest.c: In function 't':
conftest.c:5:1: warning: implicit declaration of function 'sqlite3_column_database_name' [-Wimplicit-function-declaration]
 int t() { sqlite3_column_database_name(); return 0; }
 ^
Undefined symbols for architecture x86_64:
  "_sqlite3_column_database_name", referenced from:
      _t in ccoi6mbS.o
ld: symbol(s) not found for architecture x86_64
collect2: error: ld returned 1 exit status
checked program was:
/* begin */
1: #include "ruby.h"
2: 
3: /*top*/
4: int main() {return 0;}
5: int t() { sqlite3_column_database_name(); return 0; }
/* end */

--------------------

have_func: checking for sqlite3_enable_load_extension()... -------------------- no

"/usr/local/Cellar/gcc49/4.9.3/bin/gcc-4.9 -o conftest -I/Users/stefan/.rvm/rubies/ruby-1.9.3-p327/include/ruby-1.9.1/x86_64-darwin15.6.0 -I/Users/stefan/.rvm/rubies/ruby-1.9.3-p327/include/ruby-1.9.1/ruby/backward -I/Users/stefan/.rvm/rubies/ruby-1.9.3-p327/include/ruby-1.9.1 -I. -D_XOPEN_SOURCE -D_DARWIN_C_SOURCE   -I/usr/local/opt/libyaml/include -I/usr/local/opt/readline/include -I/usr/local/opt/libksba/include -I/usr/local/opt/openssl/include  -O3 -ggdb -Wall -Wextra -Wno-unused-parameter -Wno-parentheses -Wno-long-long -Wno-missing-field-initializers -Wpointer-arith -Wwrite-strings -Wdeclaration-after-statement -Wimplicit-function-declaration  -fno-common -pipe conftest.c  -L. -L/Users/stefan/.rvm/rubies/ruby-1.9.3-p327/lib -L/usr/local/opt/libyaml/lib -L/usr/local/opt/readline/lib -L/usr/local/opt/libksba/lib -L/usr/local/opt/openssl/lib -L. -L/usr/local/lib -L/usr/local/opt/libyaml/lib -L/usr/local/opt/readline/lib -L/usr/local/opt/libksba/lib -L/usr/local/opt/openssl/lib     -lsqlite3  -lruby.1.9.1 -lsqlite3  -lpthread -ldl -lobjc "
conftest.c: In function 't':
conftest.c:5:53: error: 'sqlite3_enable_load_extension' undeclared (first use in this function)
 int t() { void ((*volatile p)()); p = (void ((*)()))sqlite3_enable_load_extension; return 0; }
                                                     ^
conftest.c:5:53: note: each undeclared identifier is reported only once for each function it appears in
conftest.c:5:28: warning: variable 'p' set but not used [-Wunused-but-set-variable]
 int t() { void ((*volatile p)()); p = (void ((*)()))sqlite3_enable_load_extension; return 0; }
                            ^
checked program was:
/* begin */
1: #include "ruby.h"
2: 
3: /*top*/
4: int main() {return 0;}
5: int t() { void ((*volatile p)()); p = (void ((*)()))sqlite3_enable_load_extension; return 0; }
/* end */

"/usr/local/Cellar/gcc49/4.9.3/bin/gcc-4.9 -o conftest -I/Users/stefan/.rvm/rubies/ruby-1.9.3-p327/include/ruby-1.9.1/x86_64-darwin15.6.0 -I/Users/stefan/.rvm/rubies/ruby-1.9.3-p327/include/ruby-1.9.1/ruby/backward -I/Users/stefan/.rvm/rubies/ruby-1.9.3-p327/include/ruby-1.9.1 -I. -D_XOPEN_SOURCE -D_DARWIN_C_SOURCE   -I/usr/local/opt/libyaml/include -I/usr/local/opt/readline/include -I/usr/local/opt/libksba/include -I/usr/local/opt/openssl/include  -O3 -ggdb -Wall -Wextra -Wno-unused-parameter -Wno-parentheses -Wno-long-long -Wno-missing-field-initializers -Wpointer-arith -Wwrite-strings -Wdeclaration-after-statement -Wimplicit-function-declaration  -fno-common -pipe conftest.c  -L. -L/Users/stefan/.rvm/rubies/ruby-1.9.3-p327/lib -L/usr/local/opt/libyaml/lib -L/usr/local/opt/readline/lib -L/usr/local/opt/libksba/lib -L/usr/local/opt/openssl/lib -L. -L/usr/local/lib -L/usr/local/opt/libyaml/lib -L/usr/local/opt/readline/lib -L/usr/local/opt/libksba/lib -L/usr/local/opt/openssl/lib     -lsqlite3  -lruby.1.9.1 -lsqlite3  -lpthread -ldl -lobjc "
conftest.c: In function 't':
conftest.c:5:1: warning: implicit declaration of function 'sqlite3_enable_load_extension' [-Wimplicit-function-declaration]
 int t() { sqlite3_enable_load_extension(); return 0; }
 ^
Undefined symbols for architecture x86_64:
  "_sqlite3_enable_load_extension", referenced from:
      _t in cck4RJst.o
ld: symbol(s) not found for architecture x86_64
collect2: error: ld returned 1 exit status
checked program was:
/* begin */
1: #include "ruby.h"
2: 
3: /*top*/
4: int main() {return 0;}
5: int t() { sqlite3_enable_load_extension(); return 0; }
/* end */

--------------------

have_func: checking for sqlite3_load_extension()... -------------------- no

"/usr/local/Cellar/gcc49/4.9.3/bin/gcc-4.9 -o conftest -I/Users/stefan/.rvm/rubies/ruby-1.9.3-p327/include/ruby-1.9.1/x86_64-darwin15.6.0 -I/Users/stefan/.rvm/rubies/ruby-1.9.3-p327/include/ruby-1.9.1/ruby/backward -I/Users/stefan/.rvm/rubies/ruby-1.9.3-p327/include/ruby-1.9.1 -I. -D_XOPEN_SOURCE -D_DARWIN_C_SOURCE   -I/usr/local/opt/libyaml/include -I/usr/local/opt/readline/include -I/usr/local/opt/libksba/include -I/usr/local/opt/openssl/include  -O3 -ggdb -Wall -Wextra -Wno-unused-parameter -Wno-parentheses -Wno-long-long -Wno-missing-field-initializers -Wpointer-arith -Wwrite-strings -Wdeclaration-after-statement -Wimplicit-function-declaration  -fno-common -pipe conftest.c  -L. -L/Users/stefan/.rvm/rubies/ruby-1.9.3-p327/lib -L/usr/local/opt/libyaml/lib -L/usr/local/opt/readline/lib -L/usr/local/opt/libksba/lib -L/usr/local/opt/openssl/lib -L. -L/usr/local/lib -L/usr/local/opt/libyaml/lib -L/usr/local/opt/readline/lib -L/usr/local/opt/libksba/lib -L/usr/local/opt/openssl/lib     -lsqlite3  -lruby.1.9.1 -lsqlite3  -lpthread -ldl -lobjc "
conftest.c: In function 't':
conftest.c:5:53: error: 'sqlite3_load_extension' undeclared (first use in this function)
 int t() { void ((*volatile p)()); p = (void ((*)()))sqlite3_load_extension; return 0; }
                                                     ^
conftest.c:5:53: note: each undeclared identifier is reported only once for each function it appears in
conftest.c:5:28: warning: variable 'p' set but not used [-Wunused-but-set-variable]
 int t() { void ((*volatile p)()); p = (void ((*)()))sqlite3_load_extension; return 0; }
                            ^
checked program was:
/* begin */
1: #include "ruby.h"
2: 
3: /*top*/
4: int main() {return 0;}
5: int t() { void ((*volatile p)()); p = (void ((*)()))sqlite3_load_extension; return 0; }
/* end */

"/usr/local/Cellar/gcc49/4.9.3/bin/gcc-4.9 -o conftest -I/Users/stefan/.rvm/rubies/ruby-1.9.3-p327/include/ruby-1.9.1/x86_64-darwin15.6.0 -I/Users/stefan/.rvm/rubies/ruby-1.9.3-p327/include/ruby-1.9.1/ruby/backward -I/Users/stefan/.rvm/rubies/ruby-1.9.3-p327/include/ruby-1.9.1 -I. -D_XOPEN_SOURCE -D_DARWIN_C_SOURCE   -I/usr/local/opt/libyaml/include -I/usr/local/opt/readline/include -I/usr/local/opt/libksba/include -I/usr/local/opt/openssl/include  -O3 -ggdb -Wall -Wextra -Wno-unused-parameter -Wno-parentheses -Wno-long-long -Wno-missing-field-initializers -Wpointer-arith -Wwrite-strings -Wdeclaration-after-statement -Wimplicit-function-declaration  -fno-common -pipe conftest.c  -L. -L/Users/stefan/.rvm/rubies/ruby-1.9.3-p327/lib -L/usr/local/opt/libyaml/lib -L/usr/local/opt/readline/lib -L/usr/local/opt/libksba/lib -L/usr/local/opt/openssl/lib -L. -L/usr/local/lib -L/usr/local/opt/libyaml/lib -L/usr/local/opt/readline/lib -L/usr/local/opt/libksba/lib -L/usr/local/opt/openssl/lib     -lsqlite3  -lruby.1.9.1 -lsqlite3  -lpthread -ldl -lobjc "
conftest.c: In function 't':
conftest.c:5:1: warning: implicit declaration of function 'sqlite3_load_extension' [-Wimplicit-function-declaration]
 int t() { sqlite3_load_extension(); return 0; }
 ^
Undefined symbols for architecture x86_64:
  "_sqlite3_load_extension", referenced from:
      _t in ccl85Ggq.o
ld: symbol(s) not found for architecture x86_64
collect2: error: ld returned 1 exit status
checked program was:
/* begin */
1: #include "ruby.h"
2: 
3: /*top*/
4: int main() {return 0;}
5: int t() { sqlite3_load_extension(); return 0; }
/* end */

--------------------

have_func: checking for sqlite3_open_v2()... -------------------- yes

"/usr/local/Cellar/gcc49/4.9.3/bin/gcc-4.9 -o conftest -I/Users/stefan/.rvm/rubies/ruby-1.9.3-p327/include/ruby-1.9.1/x86_64-darwin15.6.0 -I/Users/stefan/.rvm/rubies/ruby-1.9.3-p327/include/ruby-1.9.1/ruby/backward -I/Users/stefan/.rvm/rubies/ruby-1.9.3-p327/include/ruby-1.9.1 -I. -D_XOPEN_SOURCE -D_DARWIN_C_SOURCE   -I/usr/local/opt/libyaml/include -I/usr/local/opt/readline/include -I/usr/local/opt/libksba/include -I/usr/local/opt/openssl/include  -O3 -ggdb -Wall -Wextra -Wno-unused-parameter -Wno-parentheses -Wno-long-long -Wno-missing-field-initializers -Wpointer-arith -Wwrite-strings -Wdeclaration-after-statement -Wimplicit-function-declaration  -fno-common -pipe conftest.c  -L. -L/Users/stefan/.rvm/rubies/ruby-1.9.3-p327/lib -L/usr/local/opt/libyaml/lib -L/usr/local/opt/readline/lib -L/usr/local/opt/libksba/lib -L/usr/local/opt/openssl/lib -L. -L/usr/local/lib -L/usr/local/opt/libyaml/lib -L/usr/local/opt/readline/lib -L/usr/local/opt/libksba/lib -L/usr/local/opt/openssl/lib     -lsqlite3  -lruby.1.9.1 -lsqlite3  -lpthread -ldl -lobjc "
conftest.c: In function 't':
conftest.c:5:53: error: 'sqlite3_open_v2' undeclared (first use in this function)
 int t() { void ((*volatile p)()); p = (void ((*)()))sqlite3_open_v2; return 0; }
                                                     ^
conftest.c:5:53: note: each undeclared identifier is reported only once for each function it appears in
conftest.c:5:28: warning: variable 'p' set but not used [-Wunused-but-set-variable]
 int t() { void ((*volatile p)()); p = (void ((*)()))sqlite3_open_v2; return 0; }
                            ^
checked program was:
/* begin */
1: #include "ruby.h"
2: 
3: /*top*/
4: int main() {return 0;}
5: int t() { void ((*volatile p)()); p = (void ((*)()))sqlite3_open_v2; return 0; }
/* end */

"/usr/local/Cellar/gcc49/4.9.3/bin/gcc-4.9 -o conftest -I/Users/stefan/.rvm/rubies/ruby-1.9.3-p327/include/ruby-1.9.1/x86_64-darwin15.6.0 -I/Users/stefan/.rvm/rubies/ruby-1.9.3-p327/include/ruby-1.9.1/ruby/backward -I/Users/stefan/.rvm/rubies/ruby-1.9.3-p327/include/ruby-1.9.1 -I. -D_XOPEN_SOURCE -D_DARWIN_C_SOURCE   -I/usr/local/opt/libyaml/include -I/usr/local/opt/readline/include -I/usr/local/opt/libksba/include -I/usr/local/opt/openssl/include  -O3 -ggdb -Wall -Wextra -Wno-unused-parameter -Wno-parentheses -Wno-long-long -Wno-missing-field-initializers -Wpointer-arith -Wwrite-strings -Wdeclaration-after-statement -Wimplicit-function-declaration  -fno-common -pipe conftest.c  -L. -L/Users/stefan/.rvm/rubies/ruby-1.9.3-p327/lib -L/usr/local/opt/libyaml/lib -L/usr/local/opt/readline/lib -L/usr/local/opt/libksba/lib -L/usr/local/opt/openssl/lib -L. -L/usr/local/lib -L/usr/local/opt/libyaml/lib -L/usr/local/opt/readline/lib -L/usr/local/opt/libksba/lib -L/usr/local/opt/openssl/lib     -lsqlite3  -lruby.1.9.1 -lsqlite3  -lpthread -ldl -lobjc "
conftest.c: In function 't':
conftest.c:5:1: warning: implicit declaration of function 'sqlite3_open_v2' [-Wimplicit-function-declaration]
 int t() { sqlite3_open_v2(); return 0; }
 ^
checked program was:
/* begin */
1: #include "ruby.h"
2: 
3: /*top*/
4: int main() {return 0;}
5: int t() { sqlite3_open_v2(); return 0; }
/* end */

--------------------

have_func: checking for sqlite3_prepare_v2()... -------------------- yes

"/usr/local/Cellar/gcc49/4.9.3/bin/gcc-4.9 -o conftest -I/Users/stefan/.rvm/rubies/ruby-1.9.3-p327/include/ruby-1.9.1/x86_64-darwin15.6.0 -I/Users/stefan/.rvm/rubies/ruby-1.9.3-p327/include/ruby-1.9.1/ruby/backward -I/Users/stefan/.rvm/rubies/ruby-1.9.3-p327/include/ruby-1.9.1 -I. -D_XOPEN_SOURCE -D_DARWIN_C_SOURCE   -I/usr/local/opt/libyaml/include -I/usr/local/opt/readline/include -I/usr/local/opt/libksba/include -I/usr/local/opt/openssl/include  -O3 -ggdb -Wall -Wextra -Wno-unused-parameter -Wno-parentheses -Wno-long-long -Wno-missing-field-initializers -Wpointer-arith -Wwrite-strings -Wdeclaration-after-statement -Wimplicit-function-declaration  -fno-common -pipe conftest.c  -L. -L/Users/stefan/.rvm/rubies/ruby-1.9.3-p327/lib -L/usr/local/opt/libyaml/lib -L/usr/local/opt/readline/lib -L/usr/local/opt/libksba/lib -L/usr/local/opt/openssl/lib -L. -L/usr/local/lib -L/usr/local/opt/libyaml/lib -L/usr/local/opt/readline/lib -L/usr/local/opt/libksba/lib -L/usr/local/opt/openssl/lib     -lsqlite3  -lruby.1.9.1 -lsqlite3  -lpthread -ldl -lobjc "
conftest.c: In function 't':
conftest.c:5:53: error: 'sqlite3_prepare_v2' undeclared (first use in this function)
 int t() { void ((*volatile p)()); p = (void ((*)()))sqlite3_prepare_v2; return 0; }
                                                     ^
conftest.c:5:53: note: each undeclared identifier is reported only once for each function it appears in
conftest.c:5:28: warning: variable 'p' set but not used [-Wunused-but-set-variable]
 int t() { void ((*volatile p)()); p = (void ((*)()))sqlite3_prepare_v2; return 0; }
                            ^
checked program was:
/* begin */
1: #include "ruby.h"
2: 
3: /*top*/
4: int main() {return 0;}
5: int t() { void ((*volatile p)()); p = (void ((*)()))sqlite3_prepare_v2; return 0; }
/* end */

"/usr/local/Cellar/gcc49/4.9.3/bin/gcc-4.9 -o conftest -I/Users/stefan/.rvm/rubies/ruby-1.9.3-p327/include/ruby-1.9.1/x86_64-darwin15.6.0 -I/Users/stefan/.rvm/rubies/ruby-1.9.3-p327/include/ruby-1.9.1/ruby/backward -I/Users/stefan/.rvm/rubies/ruby-1.9.3-p327/include/ruby-1.9.1 -I. -D_XOPEN_SOURCE -D_DARWIN_C_SOURCE   -I/usr/local/opt/libyaml/include -I/usr/local/opt/readline/include -I/usr/local/opt/libksba/include -I/usr/local/opt/openssl/include  -O3 -ggdb -Wall -Wextra -Wno-unused-parameter -Wno-parentheses -Wno-long-long -Wno-missing-field-initializers -Wpointer-arith -Wwrite-strings -Wdeclaration-after-statement -Wimplicit-function-declaration  -fno-common -pipe conftest.c  -L. -L/Users/stefan/.rvm/rubies/ruby-1.9.3-p327/lib -L/usr/local/opt/libyaml/lib -L/usr/local/opt/readline/lib -L/usr/local/opt/libksba/lib -L/usr/local/opt/openssl/lib -L. -L/usr/local/lib -L/usr/local/opt/libyaml/lib -L/usr/local/opt/readline/lib -L/usr/local/opt/libksba/lib -L/usr/local/opt/openssl/lib     -lsqlite3  -lruby.1.9.1 -lsqlite3  -lpthread -ldl -lobjc "
conftest.c: In function 't':
conftest.c:5:1: warning: implicit declaration of function 'sqlite3_prepare_v2' [-Wimplicit-function-declaration]
 int t() { sqlite3_prepare_v2(); return 0; }
 ^
checked program was:
/* begin */
1: #include "ruby.h"
2: 
3: /*top*/
4: int main() {return 0;}
5: int t() { sqlite3_prepare_v2(); return 0; }
/* end */

--------------------

have_type: checking for sqlite3_int64 in sqlite3.h... -------------------- yes

"/usr/local/Cellar/gcc49/4.9.3/bin/gcc-4.9 -I/Users/stefan/.rvm/rubies/ruby-1.9.3-p327/include/ruby-1.9.1/x86_64-darwin15.6.0 -I/Users/stefan/.rvm/rubies/ruby-1.9.3-p327/include/ruby-1.9.1/ruby/backward -I/Users/stefan/.rvm/rubies/ruby-1.9.3-p327/include/ruby-1.9.1 -I. -D_XOPEN_SOURCE -D_DARWIN_C_SOURCE   -I/usr/local/opt/libyaml/include -I/usr/local/opt/readline/include -I/usr/local/opt/libksba/include -I/usr/local/opt/openssl/include  -O3 -ggdb -Wall -Wextra -Wno-unused-parameter -Wno-parentheses -Wno-long-long -Wno-missing-field-initializers -Wpointer-arith -Wwrite-strings -Wdeclaration-after-statement -Wimplicit-function-declaration  -fno-common -pipe   -c conftest.c"
checked program was:
/* begin */
1: #include "ruby.h"
2: 
3: #include <sqlite3.h>
4: 
5: /*top*/
6: typedef sqlite3_int64 conftest_type;
7: int conftestval[sizeof(conftest_type)?1:-1];
/* end */

--------------------

have_type: checking for sqlite3_uint64 in sqlite3.h... -------------------- yes

"/usr/local/Cellar/gcc49/4.9.3/bin/gcc-4.9 -I/Users/stefan/.rvm/rubies/ruby-1.9.3-p327/include/ruby-1.9.1/x86_64-darwin15.6.0 -I/Users/stefan/.rvm/rubies/ruby-1.9.3-p327/include/ruby-1.9.1/ruby/backward -I/Users/stefan/.rvm/rubies/ruby-1.9.3-p327/include/ruby-1.9.1 -I. -D_XOPEN_SOURCE -D_DARWIN_C_SOURCE   -I/usr/local/opt/libyaml/include -I/usr/local/opt/readline/include -I/usr/local/opt/libksba/include -I/usr/local/opt/openssl/include  -O3 -ggdb -Wall -Wextra -Wno-unused-parameter -Wno-parentheses -Wno-long-long -Wno-missing-field-initializers -Wpointer-arith -Wwrite-strings -Wdeclaration-after-statement -Wimplicit-function-declaration  -fno-common -pipe   -c conftest.c"
checked program was:
/* begin */
1: #include "ruby.h"
2: 
3: #include <sqlite3.h>
4: 
5: /*top*/
6: typedef sqlite3_uint64 conftest_type;
7: int conftestval[sizeof(conftest_type)?1:-1];
/* end */

--------------------

